<?xml version="1.0" encoding="UTF-8"?>
<!-- Generated by org.testng.reporters.JUnitReportReporter -->
<testsuite hostname="DESKTOP-7ARKDEF" failures="0" tests="1" name="com.excel.tests.ParameterTest" time="13.905" errors="0" timestamp="26 Dec. 2020 03:01:43 GMT" skipped="0">
  <testcase classname="com.excel.tests.ParameterTest" name="amazonLoginTest" time="13.905"/>
</testsuite> <!-- com.excel.tests.ParameterTest -->
