<?xml version="1.0" encoding="UTF-8"?>
<!-- Generated by org.testng.reporters.JUnitReportReporter -->
<testsuite hostname="DESKTOP-7ARKDEF" failures="0" tests="4" name="com.excel.tests.HalfEbayTest" time="68.644" errors="0" timestamp="26 Dec. 2020 02:15:04 GMT" skipped="0">
  <testcase classname="com.excel.tests.HalfEbayTest" name="halfEbayRegPageTest" time="15.366"/>
  <testcase classname="com.excel.tests.HalfEbayTest" name="halfEbayRegPageTest" time="17.188"/>
  <testcase classname="com.excel.tests.HalfEbayTest" name="halfEbayRegPageTest" time="22.796"/>
  <testcase classname="com.excel.tests.HalfEbayTest" name="halfEbayRegPageTest" time="13.294"/>
</testsuite> <!-- com.excel.tests.HalfEbayTest -->
